p2291
p2291
Requirement already satisfied: pip in ./venv/lib/python3.6/site-packages (21.3.1)
Requirement already satisfied: pip in ./venv/lib/python3.6/site-packages (21.3.1)
Obtaining file:///net/people/plgforobohd/3d-cnn-prometheus
  Preparing metadata (setup.py): started
Obtaining file:///net/people/plgforobohd/3d-cnn-prometheus
  Preparing metadata (setup.py): started
  Preparing metadata (setup.py): finished with status 'done'
Requirement already satisfied: nibabel~=3.2.1 in ./venv/lib/python3.6/site-packages (from bayesian-unet==1.0.0) (3.2.1)
Requirement already satisfied: tensorflow~=1.15 in ./venv/lib/python3.6/site-packages (from bayesian-unet==1.0.0) (1.15.3)
Requirement already satisfied: tensorflow-probability==0.7.0 in ./venv/lib/python3.6/site-packages (from bayesian-unet==1.0.0) (0.7.0)
Requirement already satisfied: matplotlib==3.1.0 in ./venv/lib/python3.6/site-packages (from bayesian-unet==1.0.0) (3.1.0)
Requirement already satisfied: colorcet==2.0.1 in ./venv/lib/python3.6/site-packages (from bayesian-unet==1.0.0) (2.0.1)
Requirement already satisfied: brokenaxes==0.3.1 in ./venv/lib/python3.6/site-packages (from bayesian-unet==1.0.0) (0.3.1)
Requirement already satisfied: pymongo==3.8.0 in ./venv/lib/python3.6/site-packages (from bayesian-unet==1.0.0) (3.8.0)
Requirement already satisfied: numpy~=1.19.5 in ./venv/lib/python3.6/site-packages (from bayesian-unet==1.0.0) (1.19.5)
Requirement already satisfied: tqdm~=4.62.3 in ./venv/lib/python3.6/site-packages (from bayesian-unet==1.0.0) (4.62.3)
Requirement already satisfied: scikit-image==0.17.2 in ./venv/lib/python3.6/site-packages (from bayesian-unet==1.0.0) (0.17.2)
Requirement already satisfied: scipy==1.5.4 in ./venv/lib/python3.6/site-packages (from bayesian-unet==1.0.0) (1.5.4)
Requirement already satisfied: glob2==0.7 in ./venv/lib/python3.6/site-packages (from bayesian-unet==1.0.0) (0.7)
Requirement already satisfied: h5py==2.10.0 in ./venv/lib/python3.6/site-packages (from bayesian-unet==1.0.0) (2.10.0)
Requirement already satisfied: pyct>=0.4.4 in ./venv/lib/python3.6/site-packages (from colorcet==2.0.1->bayesian-unet==1.0.0) (0.4.8)
Requirement already satisfied: param>=1.7.0 in ./venv/lib/python3.6/site-packages (from colorcet==2.0.1->bayesian-unet==1.0.0) (1.12.0)
Requirement already satisfied: six in ./venv/lib/python3.6/site-packages (from h5py==2.10.0->bayesian-unet==1.0.0) (1.16.0)
  Preparing metadata (setup.py): finished with status 'done'
Requirement already satisfied: pyparsing!=2.0.4,!=2.1.2,!=2.1.6,>=2.0.1 in ./venv/lib/python3.6/site-packages (from matplotlib==3.1.0->bayesian-unet==1.0.0) (3.0.6)
Requirement already satisfied: kiwisolver>=1.0.1 in ./venv/lib/python3.6/site-packages (from matplotlib==3.1.0->bayesian-unet==1.0.0) (1.3.1)
Requirement already satisfied: python-dateutil>=2.1 in ./venv/lib/python3.6/site-packages (from matplotlib==3.1.0->bayesian-unet==1.0.0) (2.8.2)
Requirement already satisfied: cycler>=0.10 in ./venv/lib/python3.6/site-packages (from matplotlib==3.1.0->bayesian-unet==1.0.0) (0.11.0)
Requirement already satisfied: nibabel~=3.2.1 in ./venv/lib/python3.6/site-packages (from bayesian-unet==1.0.0) (3.2.1)
Requirement already satisfied: tensorflow~=1.15 in ./venv/lib/python3.6/site-packages (from bayesian-unet==1.0.0) (1.15.3)
Requirement already satisfied: tensorflow-probability==0.7.0 in ./venv/lib/python3.6/site-packages (from bayesian-unet==1.0.0) (0.7.0)
Requirement already satisfied: matplotlib==3.1.0 in ./venv/lib/python3.6/site-packages (from bayesian-unet==1.0.0) (3.1.0)
Requirement already satisfied: colorcet==2.0.1 in ./venv/lib/python3.6/site-packages (from bayesian-unet==1.0.0) (2.0.1)
Requirement already satisfied: brokenaxes==0.3.1 in ./venv/lib/python3.6/site-packages (from bayesian-unet==1.0.0) (0.3.1)
Requirement already satisfied: pymongo==3.8.0 in ./venv/lib/python3.6/site-packages (from bayesian-unet==1.0.0) (3.8.0)
Requirement already satisfied: numpy~=1.19.5 in ./venv/lib/python3.6/site-packages (from bayesian-unet==1.0.0) (1.19.5)
Requirement already satisfied: tqdm~=4.62.3 in ./venv/lib/python3.6/site-packages (from bayesian-unet==1.0.0) (4.62.3)
Requirement already satisfied: scikit-image==0.17.2 in ./venv/lib/python3.6/site-packages (from bayesian-unet==1.0.0) (0.17.2)
Requirement already satisfied: scipy==1.5.4 in ./venv/lib/python3.6/site-packages (from bayesian-unet==1.0.0) (1.5.4)
Requirement already satisfied: glob2==0.7 in ./venv/lib/python3.6/site-packages (from bayesian-unet==1.0.0) (0.7)
Requirement already satisfied: h5py==2.10.0 in ./venv/lib/python3.6/site-packages (from bayesian-unet==1.0.0) (2.10.0)
Requirement already satisfied: tifffile>=2019.7.26 in ./venv/lib/python3.6/site-packages (from scikit-image==0.17.2->bayesian-unet==1.0.0) (2020.9.3)
Requirement already satisfied: networkx>=2.0 in ./venv/lib/python3.6/site-packages (from scikit-image==0.17.2->bayesian-unet==1.0.0) (2.5.1)
Requirement already satisfied: PyWavelets>=1.1.1 in ./venv/lib/python3.6/site-packages (from scikit-image==0.17.2->bayesian-unet==1.0.0) (1.1.1)
Requirement already satisfied: pillow!=7.1.0,!=7.1.1,>=4.3.0 in ./venv/lib/python3.6/site-packages (from scikit-image==0.17.2->bayesian-unet==1.0.0) (8.4.0)
Requirement already satisfied: imageio>=2.3.0 in ./venv/lib/python3.6/site-packages (from scikit-image==0.17.2->bayesian-unet==1.0.0) (2.13.1)
Requirement already satisfied: cloudpickle>=0.6.1 in ./venv/lib/python3.6/site-packages (from tensorflow-probability==0.7.0->bayesian-unet==1.0.0) (2.0.0)
Requirement already satisfied: decorator in ./venv/lib/python3.6/site-packages (from tensorflow-probability==0.7.0->bayesian-unet==1.0.0) (4.4.2)
Requirement already satisfied: pyct>=0.4.4 in ./venv/lib/python3.6/site-packages (from colorcet==2.0.1->bayesian-unet==1.0.0) (0.4.8)
Requirement already satisfied: param>=1.7.0 in ./venv/lib/python3.6/site-packages (from colorcet==2.0.1->bayesian-unet==1.0.0) (1.12.0)
Requirement already satisfied: six in ./venv/lib/python3.6/site-packages (from h5py==2.10.0->bayesian-unet==1.0.0) (1.16.0)
Requirement already satisfied: pyparsing!=2.0.4,!=2.1.2,!=2.1.6,>=2.0.1 in ./venv/lib/python3.6/site-packages (from matplotlib==3.1.0->bayesian-unet==1.0.0) (3.0.6)
Requirement already satisfied: kiwisolver>=1.0.1 in ./venv/lib/python3.6/site-packages (from matplotlib==3.1.0->bayesian-unet==1.0.0) (1.3.1)
Requirement already satisfied: python-dateutil>=2.1 in ./venv/lib/python3.6/site-packages (from matplotlib==3.1.0->bayesian-unet==1.0.0) (2.8.2)
Requirement already satisfied: cycler>=0.10 in ./venv/lib/python3.6/site-packages (from matplotlib==3.1.0->bayesian-unet==1.0.0) (0.11.0)
Requirement already satisfied: packaging>=14.3 in ./venv/lib/python3.6/site-packages (from nibabel~=3.2.1->bayesian-unet==1.0.0) (21.3)
Requirement already satisfied: imageio>=2.3.0 in ./venv/lib/python3.6/site-packages (from scikit-image==0.17.2->bayesian-unet==1.0.0) (2.13.1)
Requirement already satisfied: PyWavelets>=1.1.1 in ./venv/lib/python3.6/site-packages (from scikit-image==0.17.2->bayesian-unet==1.0.0) (1.1.1)
Requirement already satisfied: networkx>=2.0 in ./venv/lib/python3.6/site-packages (from scikit-image==0.17.2->bayesian-unet==1.0.0) (2.5.1)
Requirement already satisfied: wrapt>=1.11.1 in ./venv/lib/python3.6/site-packages (from tensorflow~=1.15->bayesian-unet==1.0.0) (1.13.3)
Requirement already satisfied: pillow!=7.1.0,!=7.1.1,>=4.3.0 in ./venv/lib/python3.6/site-packages (from scikit-image==0.17.2->bayesian-unet==1.0.0) (8.4.0)
Requirement already satisfied: tiObtaining file:///net/people/plgforobohd/3d-cnn-prometheus
  Preparing metadata (setup.py): started
.0.0) (2020.9.3)
Requirement already satisfied: wheel>=0.26 in ./venv/lib/python3.6/site-packages (from tensorflow~=1.15->bayesian-unet==1.0.0) (0.37.0)
Requirement already satisfied: keras-applications>=1.0.8 in ./venv/lib/python3.6/site-packages (from tensorflow~=1.15->bayesian-unet==1.0.0) (1.0.8)
Requirement already satisfied: opt-einsum>=2.3.2 in ./venv/lib/python3.6/site-packages (from tensorflow~=1.15->bayesian-unet==1.0.0) (3.3.0)
Requirement already satisfied: tensorflow-estimator==1.15.1 in ./venv/lib/python3.6/site-packages (from tensorflow~=1.15->bayesian-unet==1.0.0) (1.15.1)
Requirement already satisfied: keras-preprocessing>=1.0.5 in ./venv/lib/python3.6/site-packages (from tensorflow~=1.15->bayesian-unet==1.0.0) (1.1.2)
Requirement already satisfied: termcolor>=1.1.0 in ./venv/lib/python3.6/site-packages (from tensorflow~=1.15->bayesian-unet==1.0.0) (1.1.0)
Requirement already satisfied: grpcio>=1.8.6 in ./venv/lib/python3.6/site-packages (from tensorflow~=1.15->bayesian-unet==1.0.0) (1.42.0)
Requirement already satisfied: gast==0.2.2 in ./venv/lib/python3.6/site-packages (from tensorflow~=1.15->bayesian-unet==1.0.0) (0.2.2)
Requirement already satisfied: google-pasta>=0.1.6 in ./venv/lib/python3.6/site-packages (from tensorflow~=1.15->bayesian-unet==1.0.0) (0.2.0)
Requirement already satisfied: astor>=0.6.0 in ./venv/lib/python3.6/site-packages (from tensorflow~=1.15->bayesian-unet==1.0.0) (0.8.1)
Requirement already satisfied: absl-py>=0.7.0 in ./venv/lib/python3.6/site-packages (from tensorflow~=1.15->bayesian-unet==1.0.0) (1.0.0)
Requirement already satisfied: cloudpickle>=0.6.1 in ./venv/lib/python3.6/site-packages (from tensorflow-probability==0.7.0->bayesian-unet==1.0.0) (2.0.0)
Requirement already satisfied: protobuf>=3.6.1 in ./venv/lib/python3.6/site-packages (from tensorflow~=1.15->bayesian-unet==1.0.0) (3.19.1)
Requirement already satisfied: decorator in ./venv/lib/python3.6/site-packages (from tensorflow-probability==0.7.0->bayesian-unet==1.0.0) (4.4.2)
Requirement already satisfied: tensorboard<1.16.0,>=1.15.0 in ./venv/lib/python3.6/site-packages (from tensorflow~=1.15->bayesian-unet==1.0.0) (1.15.0)
Requirement already satisfied: packaging>=14.3 in ./venv/lib/python3.6/site-packages (from nibabel~=3.2.1->bayesian-unet==1.0.0) (21.3)
Requirement already satisfied: gast==0.2.2 in ./venv/lib/python3.6/site-packages (from tensorflow~=1.15->bayesian-unet==1.0.0) (0.2.2)
Requirement already satisfied: tensorflow-estimator==1.15.1 in ./venv/lib/python3.6/site-packages (from tensorflow~=1.15->bayesian-unet==1.0.0) (1.15.1)
Requirement already satisfied: wrapt>=1.11.1 in ./venv/lib/python3.6/site-packages (from tensorflow~=1.15->bayesian-unet==1.0.0) (1.13.3)
Requirement already satisfied: opt-einsum>=2.3.2 in ./venv/lib/python3.6/site-packages (from tensorflow~=1.15->bayesian-unet==1.0.0) (3.3.0)
Requirement already satisfied: keras-applications>=1.0.8 in ./venv/lib/python3.6/site-packages (from tensorflow~=1.15->bayesian-unet==1.0.0) (1.0.8)
Requirement already satisfied: termcolor>=1.1.0 in ./venv/lib/python3.6/site-packages (from tensorflow~=1.15->bayesian-unet==1.0.0) (1.1.0)
Requirement already satisfied: grpcio>=1.8.6 in ./venv/lib/python3.6/site-packages (from tensorflow~=1.15->bayesian-unet==1.0.0) (1.42.0)
Requirement already satisfied: wheel>=0.26 in ./venv/lib/python3.6/site-packages (from tensorflow~=1.15->bayesian-unet==1.0.0) (0.37.0)
Requirement already satisfied: tensorboard<1.16.0,>=1.15.0 in ./venv/lib/python3.6/site-packages (from tensorflow~=1.15->bayesian-unet==1.0.0) (1.15.0)
Requirement already satisfied: protobuf>=3.6.1 in ./venv/lib/python3.6/site-packages (from tensorflow~=1.15->bayesian-unet==1.0.0) (3.19.1)
Requirement already satisfied: astor>=0.6.0 in ./venv/lib/python3.6/site-packages (from tensorflow~=1.15->bayesian-unet==1.0.0) (0.8.1)
Requirement already satisfied: absl-py>=0.7.0 in ./venv/lib/python3.6/site-packages (from tensorflow~=1.15->bayesian-unet==1.0.0) (1.0.0)
Requirement already satisfied: google-pasta>=0.1.6 in ./venv/lib/python3.6/site-packages (from tensorflow~=1.15->bayesian-unet==1.0.0) (0.2.0)
Requirement already satisfied: keras-preprocessing>=1.0.5 in ./venv/lib/python3.6/site-packages (from tensorflow~=1.15->bayesian-unet==1.0.0) (1.1.2)
Requirement already satisfied: setuptools>=41.0.0 in ./venv/lib/python3.6/site-packages (from tensorboard<1.16.0,>=1.15.0->tensorflow~=1.15->bayesian-unet==1.0.0) (59.4.0)
Requirement already satisfied: markdown>=2.6.8 in ./venv/lib/python3.6/site-packages (from tensorboard<1.16.0,>=1.15.0->tensorflow~=1.15->bayesian-unet==1.0.0) (3.3.6)
Requirement already satisfied: werkzeug>=0.11.15 in ./venv/lib/python3.6/site-packages (from tensorboard<1.16.0,>=1.15.0->tensorflow~=1.15->bayesian-unet==1.0.0) (2.0.2)
Requirement already satisfied: importlib-metadata>=4.4 in ./venv/lib/python3.6/site-packages (from markdown>=2.6.8->tensorboard<1.16.0,>=1.15.0->tensorflow~=1.15->bayesian-unet==1.0.0) (4.8.2)
Requirement already satisfied: dataclasses in ./venv/lib/python3.6/site-packages (from werkzeug>=0.11.15->tensorboard<1.16.0,>=1.15.0->tensorflow~=1.15->bayesian-unet==1.0.0) (0.8)
Requirement already satisfied: markdown>=2.6.8 in ./venv/lib/python3.6/site-packages (from tensorboard<1.16.0,>=1.15.0->tensorflow~=1.15->bayesian-unet==1.0.0) (3.3.6)
Requirement already satisfied: werkzeug>=0.11.15 in ./venv/lib/python3.6/site-packages (from tensorboard<1.16.0,>=1.15.0->tensorflow~=1.15->bayesian-unet==1.0.0) (2.0.2)
Requirement already satisfied: setuptools>=41.0.0 in ./venv/lib/python3.6/site-packages (from tensorboard<1.16.0,>=1.15.0->tensorflow~=1.15->bayesian-unet==1.0.0) (59.4.0)
Requirement already satisfied: typing-extensions>=3.6.4 in ./venv/lib/python3.6/site-packages (from importlib-metadata>=4.4->markdown>=2.6.8->tensorboard<1.16.0,>=1.15.0->tensorflow~=1.15->bayesian-unet==1.0.0) (4.0.1)
Requirement already satisfied: zipp>=0.5 in ./venv/lib/python3.6/site-packages (from importlib-metadata>=4.4->markdown>=2.6.8->tensorboard<1.16.0,>=1.15.0->tensorflow~=1.15->bayesian-unet==1.0.0) (3.6.0)
Requirement already satisfied: importlib-metadata>=4.4 in ./venv/lib/python3.6/site-packages (from markdown>=2.6.8->tensorboard<1.16.0,>=1.15.0->tensorflow~=1.15->bayesian-unet==1.0.0) (4.8.2)
Requirement already satisfied: dataclasses in ./venv/lib/python3.6/site-packages (from werkzeug>=0.11.15->tensorboard<1.16.0,>=1.15.0->tensorflow~=1.15->bayesian-unet==1.0.0) (0.8)
Requirement already satisfied: zipp>=0.5 in ./venv/lib/python3.6/site-packages (from importlib-metadata>=4.4->markdown>=2.6.8->tensorboard<1.16.0,>=1.15.0->tensorflow~=1.15->bayesian-unet==1.0.0) (3.6.0)
Requirement already satisfied: typing-extensions>=3.6.4 in ./venv/lib/python3.6/site-packages (from importlib-metadata>=4.4->markdown>=2.6.8->tensorboard<1.16.0,>=1.15.0->tensorflow~=1.15->bayesian-unet==1.0.0) (4.0.1)
Installing collected packages: bayesian-unet
  Attempting uninstall: bayesian-unet
    Found existing installation: bayesian-unet 1.0.0
    Uninstalling bayesian-unet-1.0.0:
Installing collected packages: bayesian-unet
  Attempting uninstall: bayesian-unet
    Found existing installation: bayesian-unet 1.0.0
    Uninstalling bayesian-unet-1.0.0:
      Successfully uninstalled bayesian-unet-1.0.0
  Running setup.py develop for bayesian-unet
  Preparing metadata (setup.py): finished with status 'done'
Requirement already satisfied: nibabel~=3.2.1 in ./venv/lib/python3.6/site-packages (from bayesian-unet==1.0.0) (3.2.1)
Requirement already satisfied: tensorflow~=1.15 in ./venv/lib/python3.6/site-packages (from bayesian-unet==1.0.0) (1.15.3)
Requirement already satisfied: tensorflow-probability==0.7.0 in ./venv/lib/python3.6/site-packages (from bayesian-unet==1.0.0) (0.7.0)
Requirement already satisfied: matplotlib==3.1.0 in ./venv/lib/python3.6/site-packages (from bayesian-unet==1.0.0) (3.1.0)
Requirement already satisfied: colorcet==2.0.1 in ./venv/lib/python3.6/site-packages (from bayesian-unet==1.0.0) (2.0.1)
Requirement already satisfied: brokenaxes==0.3.1 in ./venv/lib/python3.6/site-packages (from bayesian-unet==1.0.0) (0.3.1)
Requirement already satisfied: pymongo==3.8.0 in ./venv/lib/python3.6/site-packages (from bayesian-unet==1.0.0) (3.8.0)
Requirement already satisfied: numpy~=1.19.5 in ./venv/lib/python3.6/site-packages (from bayesian-unet==1.0.0) (1.19.5)
Requirement already satisfied: tqdm~=4.62.3 in ./venv/lib/python3.6/site-packages (from bayesian-unet==1.0.0) (4.62.3)
Requirement already satisfied: scikit-image==0.17.2 in ./venv/lib/python3.6/site-packages (from bayesian-unet==1.0.0) (0.17.2)
Requirement already satisfied: scipy==1.5.4 in ./venv/lib/python3.6/site-packages (from bayesian-unet==1.0.0) (1.5.4)
Requirement already satisfied: glob2==0.7 in ./venv/lib/python3.6/site-packages (from bayesian-unet==1.0.0) (0.7)
Requirement already satisfied: h5py==2.10.0 in ./venv/lib/python3.6/site-packages (from bayesian-unet==1.0.0) (2.10.0)
Requirement already satisfied: pyct>=0.4.4 in ./venv/lib/python3.6/site-packages (from colorcet==2.0.1->bayesian-unet==1.0.0) (0.4.8)
Requirement already satisfied: param>=1.7.0 in ./venv/lib/python3.6/site-packages (from colorcet==2.0.1->bayesian-unet==1.0.0) (1.12.0)
Requirement already satisfied: six in ./venv/lib/python3.6/site-packages (from h5py==2.10.0->bayesian-unet==1.0.0) (1.16.0)
Requirement already satisfied: pyparsing!=2.0.4,!=2.1.2,!=2.1.6,>=2.0.1 in ./venv/lib/python3.6/site-packages (from matplotlib==3.1.0->bayesian-unet==1.0.0) (3.0.6)
Requirement already satisfied: kiwisolver>=1.0.1 in ./venv/lib/python3.6/site-packages (from matplotlib==3.1.0->bayesian-unet==1.0.0) (1.3.1)
Requirement already satisfied: cycler>=0.10 in ./venv/lib/python3.6/site-packages (from matplotlib==3.1.0->bayesian-unet==1.0.0) (0.11.0)
Requirement already satisfied: python-dateutil>=2.1 in ./venv/lib/python3.6/site-packages (from matplotlib==3.1.0->bayesian-unet==1.0.0) (2.8.2)
Requirement already satisfied: pillow!=7.1.0,!=7.1.1,>=4.3.0 in ./venv/lib/python3.6/site-packages (from scikit-image==0.17.2->bayesian-unet==1.0.0) (8.4.0)
Requirement already satisfied: tifffile>=2019.7.26 in ./venv/lib/python3.6/site-packages (from scikit-image==0.17.2->bayesian-unet==1.0.0) (2020.9.3)
Requirement already satisfied: PyWavelets>=1.1.1 in ./venv/lib/python3.6/site-packages (from scikit-image==0.17.2->bayesian-unet==1.0.0) (1.1.1)
Requirement already satisfied: imageio>=2.3.0 in ./venv/lib/python3.6/site-packages (from scikit-image==0.17.2->bayesian-unet==1.0.0) (2.13.1)
Requirement already satisfied: networkx>=2.0 in ./venv/lib/python3.6/site-packages (from scikit-image==0.17.2->bayesian-unet==1.0.0) (2.5.1)
Requirement already satisfied: decorator in ./venv/lib/python3.6/site-packages (from tensorflow-probability==0.7.0->bayesian-unet==1.0.0) (4.4.2)
Requirement already satisfied: cloudpickle>=0.6.1 in ./venv/lib/python3.6/site-packages (from tensorflow-probability==0.7.0->bayesian-unet==1.0.0) (2.0.0)
Requirement already satisfied: packaging>=14.3 in ./venv/lib/python3.6/site-packages (from nibabel~=3.2.1->bayesian-unet==1.0.0) (21.3)
Requirement already satisfied: wrapt>=1.11.1 in ./venv/lib/python3.6/site-packages (from tensorflow~=1.15->bayesian-unet==1.0.0) (1.13.3)
Requirement already satisfied: termcolor>=1.1.0 in ./venv/lib/python3.6/site-packages (from tensorflow~=1.15->bayesian-unet==1.0.0) (1.1.0)
Requirement already satisfied: gast==0.2.2 in ./venv/lib/python3.6/site-packages (from tensorflow~=1.15->bayesian-unet==1.0.0) (0.2.2)
Requirement already satisfied: protobuf>=3.6.1 in ./venv/lib/python3.6/site-packages (from tensorflow~=1.15->bayesian-unet==1.0.0) (3.19.1)
Requirement already satisfied: grpcio>=1.8.6 in ./venv/lib/python3.6/site-packages (from tensorflow~=1.15->bayesian-unet==1.0.0) (1.42.0)
Requirement already satisfied: keras-preprocessing>=1.0.5 in ./venv/lib/python3.6/site-packages (from tensorflow~=1.15->bayesian-unet==1.0.0) (1.1.2)
Requirement already satisfied: keras-applications>=1.0.8 in ./venv/lib/python3.6/site-packages (from tensorflow~=1.15->bayesian-unet==1.0.0) (1.0.8)
Requirement already satisfied: tensorflow-estimator==1.15.1 in ./venv/lib/python3.6/site-packages (from tensorflow~=1.15->bayesian-unet==1.0.0) (1.15.1)
Requirement already satisfied: opt-einsum>=2.3.2 in ./venv/lib/python3.6/site-packages (from tensorflow~=1.15->bayesian-unet==1.0.0) (3.3.0)
Requirement already satisfied: google-pasta>=0.1.6 in ./venv/lib/python3.6/site-packages (from tensorflow~=1.15->bayesian-unet==1.0.0) (0.2.0)
Requirement already satisfied: tensorboard<1.16.0,>=1.15.0 in ./venv/lib/python3.6/site-packages (from tensorflow~=1.15->bayesian-unet==1.0.0) (1.15.0)
Requirement already satisfied: absl-py>=0.7.0 in ./venv/lib/python3.6/site-packages (from tensorflow~=1.15->bayesian-unet==1.0.0) (1.0.0)
Requirement already satisfied: wheel>=0.26 in ./venv/lib/python3.6/site-packages (from tensorflow~=1.15->bayesian-unet==1.0.0) (0.37.0)
Requirement already satisfied: astor>=0.6.0 in ./venv/lib/python3.6/site-packages (from tensorflow~=1.15->bayesian-unet==1.0.0) (0.8.1)
Requirement already satisfied: setuptools>=41.0.0 in ./venv/lib/python3.6/site-packages (from tensorboard<1.16.0,>=1.15.0->tensorflow~=1.15->bayesian-unet==1.0.0) (59.4.0)
Requirement already satisfied: markdown>=2.6.8 in ./venv/lib/python3.6/site-packages (from tensorboard<1.16.0,>=1.15.0->tensorflow~=1.15->bayesian-unet==1.0.0) (3.3.6)
Requirement already satisfied: werkzeug>=0.11.15 in ./venv/lib/python3.6/site-packages (from tensorboard<1.16.0,>=1.15.0->tensorflow~=1.15->bayesian-unet==1.0.0) (2.0.2)
Requirement already satisfied: importlib-metadata>=4.4 in ./venv/lib/python3.6/site-packages (from markdown>=2.6.8->tensorboard<1.16.0,>=1.15.0->tensorflow~=1.15->bayesian-unet==1.0.0) (4.8.2)
Requirement already satisfied: dataclasses in ./venv/lib/python3.6/site-packages (from werkzeug>=0.11.15->tensorboard<1.16.0,>=1.15.0->tensorflow~=1.15->bayesian-unet==1.0.0) (0.8)
Requirement already satisfied: zipp>=0.5 in ./venv/lib/python3.6/site-packages (from importlib-metadata>=4.4->markdown>=2.6.8->tensorboard<1.16.0,>=1.15.0->tensorflow~=1.15->bayesian-unet==1.0.0) (3.6.0)
Requirement already satisfied: typing-extensions>=3.6.4 in ./venv/lib/python3.6/site-packages (from importlib-metadata>=4.4->markdown>=2.6.8->tensorboard<1.16.0,>=1.15.0->tensorflow~=1.15->bayesian-unet==1.0.0) (4.0.1)
Installing collected packages: bayesian-unet
  Running setup.py develop for bayesian-unet
Successfully installed bayesian-unet-1.0.0
